<?xml version="1.0" encoding="UTF-8"?>

<beans xmlns="http://www.springframework.org/schema/beans" xmlns:xsi="http://www.w3.org/2001/XMLSchema-instance"
       xmlns:p="http://www.springframework.org/schema/p" xmlns:cache="http://www.springframework.org/schema/cache"
       xmlns:tx="http://www.springframework.org/schema/tx" xmlns:aop="http://www.springframework.org/schema/aop"
       xmlns:repository="http://www.springframework.org/schema/data/jpa"
       xmlns:context="http://www.springframework.org/schema/context"
       xmlns:batch="http://www.springframework.org/schema/batch"
       xsi:schemaLocation="http://www.springframework.org/schema/beans http://www.springframework.org/schema/beans/spring-beans-3.1.xsd http://www.springframework.org/schema/cache http://www.springframework.org/schema/cache/spring-cache.xsd http://www.springframework.org/schema/tx http://www.springframework.org/schema/tx/spring-tx-3.1.xsd http://www.springframework.org/schema/aop http://www.springframework.org/schema/aop/spring-aop-2.0.xsd http://www.springframework.org/schema/data/jpa http://www.springframework.org/schema/data/jpa/spring-jpa-1.0.xsd http://www.springframework.org/schema/context http://www.springframework.org/schema/context/spring-context-3.1.xsd http://www.springframework.org/schema/batch http://www.springframework.org/schema/batch/spring-batch-2.1.xsd">
<import resource="classpath:/spring/test-application-dal.xml" />

    <batch:job id="autoConfigJob" restartable="true">
        <batch:step id="processStep">
            <batch:tasklet ref="runAutoConfigTasklet"/>
            <batch:end on="*"/>
        </batch:step>
    </batch:job>

    <batch:job-repository id="jobRepository" data-source="dataSource" table-prefix="sauto_jobs.BATCH_" isolation-level-for-create="DEFAULT" transaction-manager="transactionManager"/>

    <bean id="jobRegistry" class="org.springframework.batch.core.configuration.support.MapJobRegistry" />

    <bean id="jobOperator" class="org.springframework.batch.core.launch.support.SimpleJobOperator">
        <property name="jobLauncher" ref="jobLauncher" />
        <property name="jobRegistry" ref="jobRegistry" />
        <property name="jobRepository" ref="jobRepository" />
        <property name="jobExplorer" ref="jobExplorer" />
    </bean>

    <bean id="jobExplorer" class="org.springframework.batch.core.explore.support.JobExplorerFactoryBean" p:dataSource-ref="dataSource" p:tablePrefix="sauto_jobs.BATCH_"/>

    <bean class="org.springframework.batch.core.configuration.support.JobRegistryBeanPostProcessor">
        <property name="jobRegistry" ref="jobRegistry" />
    </bean>

    <bean id="jobLauncher" class="org.springframework.batch.core.launch.support.SimpleJobLauncher">
        <property name="jobRepository" ref="jobRepository" />
        <property name="taskExecutor">
            <bean class="org.springframework.core.task.SimpleAsyncTaskExecutor" />
        </property>
    </bean>
</beans>