<?xml version="1.0" encoding="UTF-8"?>

<beans xmlns="http://www.springframework.org/schema/beans">
    <import resource="classpath:/spring/application-dal.xml" />
</beans>